2025-02-06 23:57:53,154 - INFO - Logging setup complete.
2025-02-06 23:57:53,156 - INFO - Starting batch processing... Overwriting all files with latest changes.
2025-02-06 23:57:53,156 - INFO - Creating/updating data.yaml...
2025-02-06 23:57:53,156 - INFO - data.yaml updated successfully in C:\Users\sathish\Downloads\FL_ModelForAV\my-project\bdd100_mini9.
2025-02-06 23:57:53,157 - INFO - Creating dataset split files (train.txt, val.txt, test.txt) and copying images/labels...
2025-02-06 23:57:53,158 - INFO - train.txt updated in C:\Users\sathish\Downloads\FL_ModelForAV\my-project\bdd100_mini9.
2025-02-06 23:57:53,158 - INFO - val.txt updated in C:\Users\sathish\Downloads\FL_ModelForAV\my-project\bdd100_mini9.
2025-02-06 23:57:53,158 - INFO - test.txt updated in C:\Users\sathish\Downloads\FL_ModelForAV\my-project\bdd100_mini9.
2025-02-06 23:57:53,158 - INFO - Saving directory structure for each batch...
2025-02-06 23:57:53,158 - INFO - Writing directory structure in C:\Users\sathish\Downloads\FL_ModelForAV\my-project\bdd100_mini9\batch_1...
2025-02-06 23:57:53,159 - INFO - directory_structure.txt saved in C:\Users\sathish\Downloads\FL_ModelForAV\my-project\bdd100_mini9\batch_1.
2025-02-06 23:57:53,159 - INFO - Writing directory structure in C:\Users\sathish\Downloads\FL_ModelForAV\my-project\bdd100_mini9\batch_2...
2025-02-06 23:57:53,159 - INFO - directory_structure.txt saved in C:\Users\sathish\Downloads\FL_ModelForAV\my-project\bdd100_mini9\batch_2.
2025-02-06 23:57:53,159 - INFO - Writing directory structure in C:\Users\sathish\Downloads\FL_ModelForAV\my-project\bdd100_mini9\batch_3...
2025-02-06 23:57:53,159 - INFO - directory_structure.txt saved in C:\Users\sathish\Downloads\FL_ModelForAV\my-project\bdd100_mini9\batch_3.
2025-02-06 23:57:53,159 - INFO - Writing directory structure in C:\Users\sathish\Downloads\FL_ModelForAV\my-project\bdd100_mini9\batch_4...
2025-02-06 23:57:53,159 - INFO - directory_structure.txt saved in C:\Users\sathish\Downloads\FL_ModelForAV\my-project\bdd100_mini9\batch_4.
2025-02-06 23:57:53,159 - INFO - Writing directory structure in C:\Users\sathish\Downloads\FL_ModelForAV\my-project\bdd100_mini9\batch_5...
2025-02-06 23:57:53,159 - INFO - directory_structure.txt saved in C:\Users\sathish\Downloads\FL_ModelForAV\my-project\bdd100_mini9\batch_5.
2025-02-06 23:57:53,160 - INFO - Writing directory structure in C:\Users\sathish\Downloads\FL_ModelForAV\my-project\bdd100_mini9\processed_images...
2025-02-06 23:57:53,160 - INFO - directory_structure.txt saved in C:\Users\sathish\Downloads\FL_ModelForAV\my-project\bdd100_mini9\processed_images.
2025-02-06 23:57:53,160 - INFO - Writing directory structure in C:\Users\sathish\Downloads\FL_ModelForAV\my-project\bdd100_mini9\processed_labels...
2025-02-06 23:57:53,160 - INFO - directory_structure.txt saved in C:\Users\sathish\Downloads\FL_ModelForAV\my-project\bdd100_mini9\processed_labels.
2025-02-06 23:57:53,160 - INFO - Batch processing completed successfully.
