2025-01-30 01:15:39,293 - INFO - Federated batch processing started.
2025-01-30 01:15:39,494 - INFO - train: 62993 files, Batch size: 3149, Leftover: 13
2025-01-30 01:15:39,559 - INFO - Batch 1 - train: 3150 files.
2025-01-30 01:15:39,638 - INFO - Batch 2 - train: 3150 files.
2025-01-30 01:15:39,717 - INFO - Batch 3 - train: 3150 files.
2025-01-30 01:15:39,792 - INFO - Batch 4 - train: 3150 files.
2025-01-30 01:15:39,892 - INFO - Batch 5 - train: 3150 files.
2025-01-30 01:15:39,994 - INFO - Batch 6 - train: 3150 files.
2025-01-30 01:15:40,059 - INFO - Batch 7 - train: 3150 files.
2025-01-30 01:15:40,160 - INFO - Batch 8 - train: 3150 files.
2025-01-30 01:15:40,217 - INFO - Batch 9 - train: 3150 files.
2025-01-30 01:15:40,326 - INFO - Batch 10 - train: 3150 files.
2025-01-30 01:15:40,387 - INFO - Batch 11 - train: 3150 files.
2025-01-30 01:15:40,443 - INFO - Batch 12 - train: 3150 files.
2025-01-30 01:15:40,576 - INFO - Batch 13 - train: 3150 files.
2025-01-30 01:15:40,629 - INFO - Batch 14 - train: 3149 files.
2025-01-30 01:15:40,693 - INFO - Batch 15 - train: 3149 files.
2025-01-30 01:15:40,837 - INFO - Batch 16 - train: 3149 files.
2025-01-30 01:15:40,893 - INFO - Batch 17 - train: 3149 files.
2025-01-30 01:15:40,951 - INFO - Batch 18 - train: 3149 files.
2025-01-30 01:15:41,011 - INFO - Batch 19 - train: 3149 files.
2025-01-30 01:15:41,167 - INFO - Batch 20 - train: 3149 files.
2025-01-30 01:15:59,647 - INFO - train batch processing completed in 20.15 seconds.
2025-01-30 01:15:59,680 - INFO - val: 10000 files, Batch size: 500, Leftover: 0
2025-01-30 01:15:59,690 - INFO - Batch 1 - val: 500 files.
2025-01-30 01:15:59,699 - INFO - Batch 2 - val: 500 files.
2025-01-30 01:15:59,714 - INFO - Batch 3 - val: 500 files.
2025-01-30 01:15:59,714 - INFO - Batch 4 - val: 500 files.
2025-01-30 01:15:59,731 - INFO - Batch 5 - val: 500 files.
2025-01-30 01:15:59,740 - INFO - Batch 6 - val: 500 files.
2025-01-30 01:15:59,747 - INFO - Batch 7 - val: 500 files.
2025-01-30 01:15:59,753 - INFO - Batch 8 - val: 500 files.
2025-01-30 01:15:59,764 - INFO - Batch 9 - val: 500 files.
2025-01-30 01:15:59,764 - INFO - Batch 10 - val: 500 files.
2025-01-30 01:15:59,785 - INFO - Batch 11 - val: 500 files.
2025-01-30 01:15:59,794 - INFO - Batch 12 - val: 500 files.
2025-01-30 01:15:59,803 - INFO - Batch 13 - val: 500 files.
2025-01-30 01:15:59,803 - INFO - Batch 14 - val: 500 files.
2025-01-30 01:15:59,822 - INFO - Batch 15 - val: 500 files.
2025-01-30 01:15:59,832 - INFO - Batch 16 - val: 500 files.
2025-01-30 01:15:59,841 - INFO - Batch 17 - val: 500 files.
2025-01-30 01:15:59,847 - INFO - Batch 18 - val: 500 files.
2025-01-30 01:15:59,855 - INFO - Batch 19 - val: 500 files.
2025-01-30 01:15:59,864 - INFO - Batch 20 - val: 500 files.
2025-01-30 01:16:02,701 - INFO - val batch processing completed in 3.02 seconds.
2025-01-30 01:16:02,701 - INFO - test: 2267 files, Batch size: 113, Leftover: 7
2025-01-30 01:16:02,701 - INFO - Batch 1 - test: 114 files.
2025-01-30 01:16:02,701 - INFO - Batch 2 - test: 114 files.
2025-01-30 01:16:02,716 - INFO - Batch 3 - test: 114 files.
2025-01-30 01:16:02,717 - INFO - Batch 4 - test: 114 files.
2025-01-30 01:16:02,717 - INFO - Batch 5 - test: 114 files.
2025-01-30 01:16:02,717 - INFO - Batch 6 - test: 114 files.
2025-01-30 01:16:02,717 - INFO - Batch 7 - test: 114 files.
2025-01-30 01:16:02,717 - INFO - Batch 8 - test: 113 files.
2025-01-30 01:16:02,717 - INFO - Batch 9 - test: 113 files.
2025-01-30 01:16:02,717 - INFO - Batch 10 - test: 113 files.
2025-01-30 01:16:02,717 - INFO - Batch 11 - test: 113 files.
2025-01-30 01:16:02,717 - INFO - Batch 12 - test: 113 files.
2025-01-30 01:16:02,734 - INFO - Batch 13 - test: 113 files.
2025-01-30 01:16:02,734 - INFO - Batch 14 - test: 113 files.
2025-01-30 01:16:02,734 - INFO - Batch 15 - test: 113 files.
2025-01-30 01:16:02,734 - INFO - Batch 16 - test: 113 files.
2025-01-30 01:16:02,734 - INFO - Batch 17 - test: 113 files.
2025-01-30 01:16:02,742 - INFO - Batch 18 - test: 113 files.
2025-01-30 01:16:02,742 - INFO - Batch 19 - test: 113 files.
2025-01-30 01:16:02,742 - INFO - Batch 20 - test: 113 files.
2025-01-30 01:16:04,002 - INFO - test batch processing completed in 1.30 seconds.
2025-01-30 01:16:04,002 - INFO - Federated batch processing completed.
