2025-02-07 04:30:23,748 - INFO - Logging setup complete.
2025-02-07 04:30:23,749 - INFO - Initializing dataset directory: C:\Users\sathish\Downloads\FL_ModelForAV\data\bdd100k
2025-02-07 04:30:23,750 - INFO - Created empty train.txt in C:\Users\sathish\Downloads\FL_ModelForAV\data\bdd100k
2025-02-07 04:30:23,750 - INFO - Created empty val.txt in C:\Users\sathish\Downloads\FL_ModelForAV\data\bdd100k
2025-02-07 04:30:23,751 - INFO - Created empty test.txt in C:\Users\sathish\Downloads\FL_ModelForAV\data\bdd100k
2025-02-07 04:30:23,751 - INFO - Dataset directory structure initialized in C:\Users\sathish\Downloads\FL_ModelForAV\data\bdd100k.
2025-02-07 04:30:23,751 - INFO - Starting batch processing in C:\Users\sathish\Downloads\FL_ModelForAV\data\bdd100k...
2025-02-07 04:30:23,752 - INFO - Processing batch: C:\Users\sathish\Downloads\FL_ModelForAV\data\bdd100k\images
2025-02-07 04:30:23,752 - INFO - Initializing dataset directory: C:\Users\sathish\Downloads\FL_ModelForAV\data\bdd100k\images
2025-02-07 04:30:23,753 - INFO - Dataset directory structure initialized in C:\Users\sathish\Downloads\FL_ModelForAV\data\bdd100k\images.
2025-02-07 04:30:23,753 - INFO - Processing batch: C:\Users\sathish\Downloads\FL_ModelForAV\data\bdd100k\labels
2025-02-07 04:30:23,753 - INFO - Initializing dataset directory: C:\Users\sathish\Downloads\FL_ModelForAV\data\bdd100k\labels
2025-02-07 04:30:23,754 - INFO - Dataset directory structure initialized in C:\Users\sathish\Downloads\FL_ModelForAV\data\bdd100k\labels.
2025-02-07 04:30:23,754 - INFO - Processing batch: C:\Users\sathish\Downloads\FL_ModelForAV\data\bdd100k\labels_backup
2025-02-07 04:30:23,754 - INFO - Initializing dataset directory: C:\Users\sathish\Downloads\FL_ModelForAV\data\bdd100k\labels_backup
2025-02-07 04:30:23,755 - INFO - Dataset directory structure initialized in C:\Users\sathish\Downloads\FL_ModelForAV\data\bdd100k\labels_backup.
2025-02-07 04:30:23,755 - INFO - Processing batch: C:\Users\sathish\Downloads\FL_ModelForAV\data\bdd100k\label_json
2025-02-07 04:30:23,755 - INFO - Initializing dataset directory: C:\Users\sathish\Downloads\FL_ModelForAV\data\bdd100k\label_json
2025-02-07 04:30:23,756 - INFO - Dataset directory structure initialized in C:\Users\sathish\Downloads\FL_ModelForAV\data\bdd100k\label_json.
2025-02-07 04:30:23,756 - INFO - Batch processing completed successfully.
2025-02-07 04:30:23,757 - WARNING - Skipping batch 1, missing: C:\Users\sathish\Downloads\FL_ModelForAV\data\bdd100k\batch_1
2025-02-07 04:30:23,757 - WARNING - Skipping batch 2, missing: C:\Users\sathish\Downloads\FL_ModelForAV\data\bdd100k\batch_2
2025-02-07 04:30:23,757 - WARNING - Skipping batch 3, missing: C:\Users\sathish\Downloads\FL_ModelForAV\data\bdd100k\batch_3
2025-02-07 04:30:23,757 - WARNING - Skipping batch 4, missing: C:\Users\sathish\Downloads\FL_ModelForAV\data\bdd100k\batch_4
2025-02-07 04:30:23,757 - WARNING - Skipping batch 5, missing: C:\Users\sathish\Downloads\FL_ModelForAV\data\bdd100k\batch_5
2025-02-07 04:30:23,757 - WARNING - Skipping batch 6, missing: C:\Users\sathish\Downloads\FL_ModelForAV\data\bdd100k\batch_6
2025-02-07 04:30:23,757 - WARNING - Skipping batch 7, missing: C:\Users\sathish\Downloads\FL_ModelForAV\data\bdd100k\batch_7
2025-02-07 04:30:23,757 - WARNING - Skipping batch 8, missing: C:\Users\sathish\Downloads\FL_ModelForAV\data\bdd100k\batch_8
2025-02-07 04:30:23,757 - WARNING - Skipping batch 9, missing: C:\Users\sathish\Downloads\FL_ModelForAV\data\bdd100k\batch_9
2025-02-07 04:30:23,757 - WARNING - Skipping batch 10, missing: C:\Users\sathish\Downloads\FL_ModelForAV\data\bdd100k\batch_10
2025-02-07 04:30:23,757 - INFO - Mini dataset created successfully at C:\Users\sathish\Downloads\FL_ModelForAV\my-project\data\bdd100_mini
